<?xml version="1.0" encoding="UTF-8"?>
<robot generator="Robot 3.1.1 (Python 3.7.2 on win32)" generated="20190321 13:38:40.018" rpa="false">
<suite id="s1" name="First" source="D:\users\xkk\pub_GH\Robot\tests\first.robot">
<test id="s1-t1" name="Open Notepad and Do Some Operation">
<kw name="Add Needed Image Path" library="common" type="setup">
<kw name="Add Image Path" library="SikuliLibrary">
<doc>Add image path</doc>
<arguments>
<arg>${CUR_DIR}</arg>
</arguments>
<msg timestamp="20190321 13:38:44.914" level="INFO">Params: [C:\users\XKK\PycharmProjects\sikli\img]</msg>
<status status="PASS" starttime="20190321 13:38:44.904" endtime="20190321 13:38:44.914"></status>
</kw>
<status status="PASS" starttime="20190321 13:38:44.904" endtime="20190321 13:38:44.914"></status>
</kw>
<kw name="Open Notepad">
<kw name="Open Application" library="SikuliLibrary">
<doc>Open application
 To open app with parameters, refer:
 https://sikulix-2014.readthedocs.io/en/latest/appclass.html#App.App</doc>
<arguments>
<arg>C:\\windows\\system32\\notepad.exe</arg>
</arguments>
<msg timestamp="20190321 13:38:47.441" level="INFO">Params: [C:\windows\system32\notepad.exe]</msg>
<status status="PASS" starttime="20190321 13:38:44.915" endtime="20190321 13:38:47.442"></status>
</kw>
<kw name="Double Click" library="SikuliLibrary">
<doc>Double click</doc>
<arguments>
<arg>notepad_title.png</arg>
</arguments>
<msg timestamp="20190321 13:38:48.591" level="INFO">Params: [notepad_title.png]</msg>
<msg timestamp="20190321 13:38:48.591" level="INFO" html="yes">&lt;img src='sikuli_captured/sikuliximage-1553189927797.png'/&gt;
[log] DOUBLE CLICK on L(243,427)@S(0)[0,0 1920x1080] (550 msec)</msg>
<status status="PASS" starttime="20190321 13:38:47.442" endtime="20190321 13:38:48.591"></status>
</kw>
<status status="PASS" starttime="20190321 13:38:44.914" endtime="20190321 13:38:48.591"></status>
</kw>
<kw name="Input In Notepad">
<arguments>
<arg>Hello World</arg>
</arguments>
<kw name="Input Text" library="SikuliLibrary">
<doc>Input text
 Image could be empty</doc>
<arguments>
<arg>notepad_area.png</arg>
<arg>${text}</arg>
</arguments>
<msg timestamp="20190321 13:38:49.975" level="INFO">Params: [notepad_area.png, Hello World]
Input Text:
Hello World</msg>
<msg timestamp="20190321 13:38:49.975" level="INFO" html="yes">&lt;img src='sikuli_captured/sikuliximage-1553189928897.png'/&gt;
[log] CLICK on L(152,110)@S(0)[0,0 1920x1080] (522 msec)
[log]  TYPE "Hello World"</msg>
<status status="PASS" starttime="20190321 13:38:48.592" endtime="20190321 13:38:49.975"></status>
</kw>
<status status="PASS" starttime="20190321 13:38:48.592" endtime="20190321 13:38:49.975"></status>
</kw>
<kw name="Quit Without Save">
<kw name="Click" library="SikuliLibrary">
<doc>Click</doc>
<arguments>
<arg>notepad_close.png</arg>
</arguments>
<msg timestamp="20190321 13:38:51.012" level="INFO">Params: [notepad_close.png]</msg>
<msg timestamp="20190321 13:38:51.013" level="INFO" html="yes">&lt;img src='sikuli_captured/sikuliximage-1553189930247.png'/&gt;
[log] CLICK on L(1895,16)@S(0)[0,0 1920x1080] (535 msec)</msg>
<status status="PASS" starttime="20190321 13:38:49.976" endtime="20190321 13:38:51.013"></status>
</kw>
<kw name="Click" library="SikuliLibrary">
<doc>Click</doc>
<arguments>
<arg>dont_save.png</arg>
</arguments>
<msg timestamp="20190321 13:38:52.402" level="INFO">Params: [dont_save.png]</msg>
<msg timestamp="20190321 13:38:52.402" level="INFO" html="yes">&lt;img src='sikuli_captured/sikuliximage-1553189931630.png'/&gt;
[log] CLICK on L(993,550)@S(0)[0,0 1920x1080] (536 msec)</msg>
<status status="PASS" starttime="20190321 13:38:51.013" endtime="20190321 13:38:52.402"></status>
</kw>
<status status="PASS" starttime="20190321 13:38:49.976" endtime="20190321 13:38:52.402"></status>
</kw>
<tags>
<tag>Smoke</tag>
</tags>
<status status="PASS" starttime="20190321 13:38:44.903" endtime="20190321 13:38:52.403" critical="yes"></status>
</test>
<test id="s1-t2" name="Open Notepad and Do Second Operation">
<kw name="Add Needed Image Path" library="common" type="setup">
<kw name="Add Image Path" library="SikuliLibrary">
<doc>Add image path</doc>
<arguments>
<arg>${CUR_DIR}</arg>
</arguments>
<msg timestamp="20190321 13:38:52.409" level="INFO">Params: [C:\users\XKK\PycharmProjects\sikli\img]</msg>
<status status="PASS" starttime="20190321 13:38:52.405" endtime="20190321 13:38:52.410"></status>
</kw>
<status status="PASS" starttime="20190321 13:38:52.405" endtime="20190321 13:38:52.410"></status>
</kw>
<kw name="Open Notepad">
<kw name="Open Application" library="SikuliLibrary">
<doc>Open application
 To open app with parameters, refer:
 https://sikulix-2014.readthedocs.io/en/latest/appclass.html#App.App</doc>
<arguments>
<arg>C:\\windows\\system32\\notepad.exe</arg>
</arguments>
<msg timestamp="20190321 13:38:53.395" level="INFO">Params: [C:\windows\system32\notepad.exe]</msg>
<status status="PASS" starttime="20190321 13:38:52.411" endtime="20190321 13:38:53.395"></status>
</kw>
<kw name="Double Click" library="SikuliLibrary">
<doc>Double click</doc>
<arguments>
<arg>notepad_title.png</arg>
</arguments>
<msg timestamp="20190321 13:38:54.456" level="INFO">Params: [notepad_title.png]</msg>
<msg timestamp="20190321 13:38:54.456" level="INFO" html="yes">&lt;img src='sikuli_captured/sikuliximage-1553189933679.png'/&gt;
[log] DOUBLE CLICK on L(243,427)@S(0)[0,0 1920x1080] (565 msec)</msg>
<status status="PASS" starttime="20190321 13:38:53.395" endtime="20190321 13:38:54.456"></status>
</kw>
<status status="PASS" starttime="20190321 13:38:52.410" endtime="20190321 13:38:54.456"></status>
</kw>
<kw name="Input In Notepad">
<arguments>
<arg>Hello Saravanan</arg>
</arguments>
<kw name="Input Text" library="SikuliLibrary">
<doc>Input text
 Image could be empty</doc>
<arguments>
<arg>notepad_area.png</arg>
<arg>${text}</arg>
</arguments>
<msg timestamp="20190321 13:38:56.050" level="INFO">Params: [notepad_area.png, Hello Saravanan]
Input Text:
Hello Saravanan</msg>
<msg timestamp="20190321 13:38:56.050" level="INFO" html="yes">&lt;img src='sikuli_captured/sikuliximage-1553189934765.png'/&gt;
[log] CLICK on L(180,123)@S(0)[0,0 1920x1080] (521 msec)
[log]  TYPE "Hello Saravanan"</msg>
<status status="PASS" starttime="20190321 13:38:54.458" endtime="20190321 13:38:56.050"></status>
</kw>
<status status="PASS" starttime="20190321 13:38:54.457" endtime="20190321 13:38:56.050"></status>
</kw>
<kw name="Quit Without Save">
<kw name="Click" library="SikuliLibrary">
<doc>Click</doc>
<arguments>
<arg>notepad_close.png</arg>
</arguments>
<msg timestamp="20190321 13:38:57.062" level="INFO">Params: [notepad_close.png]</msg>
<msg timestamp="20190321 13:38:57.062" level="INFO" html="yes">&lt;img src='sikuli_captured/sikuliximage-1553189936312.png'/&gt;
[log] CLICK on L(1895,16)@S(0)[0,0 1920x1080] (537 msec)</msg>
<status status="PASS" starttime="20190321 13:38:56.051" endtime="20190321 13:38:57.062"></status>
</kw>
<kw name="Click" library="SikuliLibrary">
<doc>Click</doc>
<arguments>
<arg>dont_save.png</arg>
</arguments>
<msg timestamp="20190321 13:38:58.469" level="INFO">Params: [dont_save.png]</msg>
<msg timestamp="20190321 13:38:58.469" level="INFO" html="yes">&lt;img src='sikuli_captured/sikuliximage-1553189937713.png'/&gt;
[log] CLICK on L(993,550)@S(0)[0,0 1920x1080] (533 msec)</msg>
<status status="PASS" starttime="20190321 13:38:57.062" endtime="20190321 13:38:58.469"></status>
</kw>
<status status="PASS" starttime="20190321 13:38:56.051" endtime="20190321 13:38:58.469"></status>
</kw>
<tags>
<tag>Smoke</tag>
</tags>
<status status="PASS" starttime="20190321 13:38:52.404" endtime="20190321 13:38:58.470" critical="yes"></status>
</test>
<doc>Sikuli Library Demo</doc>
<status status="PASS" starttime="20190321 13:38:40.025" endtime="20190321 13:38:58.471"></status>
</suite>
<statistics>
<total>
<stat pass="2" fail="0">Critical Tests</stat>
<stat pass="2" fail="0">All Tests</stat>
</total>
<tag>
<stat pass="2" fail="0">Smoke</stat>
</tag>
<suite>
<stat pass="2" fail="0" id="s1" name="First">First</stat>
</suite>
</statistics>
<errors>
</errors>
</robot>
