<?xml version="1.0" encoding="UTF-8"?>
<robot generator="Robot 3.1.1 (Python 3.7.2 on win32)" generated="20190321 14:38:37.451" rpa="false">
<suite id="s1" name="First" source="D:\users\xkk\pub_GH\Robot\Tests\first.robot">
<test id="s1-t1" name="Check Inputing">
<kw name="Add Needed Image Path" library="common" type="setup">
<kw name="Add Image Path" library="SikuliLibrary">
<doc>Add image path</doc>
<arguments>
<arg>${CUR_DIR}</arg>
</arguments>
<msg timestamp="20190321 14:38:42.441" level="INFO">Params: [C:\users\XKK\PycharmProjects\sikli\img]</msg>
<status status="PASS" starttime="20190321 14:38:42.430" endtime="20190321 14:38:42.441"></status>
</kw>
<status status="PASS" starttime="20190321 14:38:42.430" endtime="20190321 14:38:42.441"></status>
</kw>
<kw name="Open Notepad and Try to Edit">
<tags>
<tag>Smoke</tag>
</tags>
<arguments>
<arg>saravanan</arg>
</arguments>
<kw name="Open Notepad">
<kw name="Open Application" library="SikuliLibrary">
<doc>Open application
 To open app with parameters, refer:
 https://sikulix-2014.readthedocs.io/en/latest/appclass.html#App.App</doc>
<arguments>
<arg>C:\\windows\\system32\\notepad.exe</arg>
</arguments>
<msg timestamp="20190321 14:38:45.043" level="INFO">Params: [C:\windows\system32\notepad.exe]</msg>
<status status="PASS" starttime="20190321 14:38:42.442" endtime="20190321 14:38:45.043"></status>
</kw>
<kw name="Double Click" library="SikuliLibrary">
<doc>Double click</doc>
<arguments>
<arg>notepad_title.png</arg>
</arguments>
<msg timestamp="20190321 14:38:46.228" level="INFO">Params: [notepad_title.png]</msg>
<msg timestamp="20190321 14:38:46.229" level="INFO" html="yes">&lt;img src='sikuli_captured/sikuliximage-1553193525407.png'/&gt;
[log] DOUBLE CLICK on L(243,427)@S(0)[0,0 1920x1080] (562 msec)</msg>
<status status="PASS" starttime="20190321 14:38:45.043" endtime="20190321 14:38:46.229"></status>
</kw>
<status status="PASS" starttime="20190321 14:38:42.442" endtime="20190321 14:38:46.229"></status>
</kw>
<kw name="Input In Notepad">
<arguments>
<arg>${text}</arg>
</arguments>
<kw name="Input Text" library="SikuliLibrary">
<doc>Input text
 Image could be empty</doc>
<arguments>
<arg>notepad_area.png</arg>
<arg>${text}</arg>
</arguments>
<msg timestamp="20190321 14:38:47.492" level="INFO">Params: [notepad_area.png, saravanan]
Input Text:
saravanan</msg>
<msg timestamp="20190321 14:38:47.492" level="INFO" html="yes">&lt;img src='sikuli_captured/sikuliximage-1553193526538.png'/&gt;
[log] CLICK on L(164,117)@S(0)[0,0 1920x1080] (521 msec)
[log]  TYPE "saravanan"</msg>
<status status="PASS" starttime="20190321 14:38:46.230" endtime="20190321 14:38:47.492"></status>
</kw>
<status status="PASS" starttime="20190321 14:38:46.229" endtime="20190321 14:38:47.492"></status>
</kw>
<kw name="Quit Without Save">
<kw name="Click" library="SikuliLibrary">
<doc>Click</doc>
<arguments>
<arg>notepad_close.png</arg>
</arguments>
<msg timestamp="20190321 14:38:48.503" level="INFO">Params: [notepad_close.png]</msg>
<msg timestamp="20190321 14:38:48.503" level="INFO" html="yes">&lt;img src='sikuli_captured/sikuliximage-1553193527739.png'/&gt;
[log] CLICK on L(1895,16)@S(0)[0,0 1920x1080] (537 msec)</msg>
<status status="PASS" starttime="20190321 14:38:47.492" endtime="20190321 14:38:48.503"></status>
</kw>
<kw name="Click" library="SikuliLibrary">
<doc>Click</doc>
<arguments>
<arg>dont_save.png</arg>
</arguments>
<msg timestamp="20190321 14:38:49.908" level="INFO">Params: [dont_save.png]</msg>
<msg timestamp="20190321 14:38:49.908" level="INFO" html="yes">&lt;img src='sikuli_captured/sikuliximage-1553193529136.png'/&gt;
[log] CLICK on L(993,550)@S(0)[0,0 1920x1080] (533 msec)</msg>
<status status="PASS" starttime="20190321 14:38:48.503" endtime="20190321 14:38:49.908"></status>
</kw>
<status status="PASS" starttime="20190321 14:38:47.492" endtime="20190321 14:38:49.908"></status>
</kw>
<status status="PASS" starttime="20190321 14:38:42.441" endtime="20190321 14:38:49.908"></status>
</kw>
<status status="PASS" starttime="20190321 14:38:42.430" endtime="20190321 14:38:49.909" critical="yes"></status>
</test>
<test id="s1-t2" name="Check Inputing">
<kw name="Add Needed Image Path" library="common" type="setup">
<kw name="Add Image Path" library="SikuliLibrary">
<doc>Add image path</doc>
<arguments>
<arg>${CUR_DIR}</arg>
</arguments>
<msg timestamp="20190321 14:38:49.916" level="INFO">Params: [C:\users\XKK\PycharmProjects\sikli\img]</msg>
<status status="PASS" starttime="20190321 14:38:49.912" endtime="20190321 14:38:49.916"></status>
</kw>
<status status="PASS" starttime="20190321 14:38:49.912" endtime="20190321 14:38:49.916"></status>
</kw>
<kw name="Open Notepad and Try to Edit">
<tags>
<tag>Smoke</tag>
</tags>
<arguments>
<arg>Hello World</arg>
</arguments>
<kw name="Open Notepad">
<kw name="Open Application" library="SikuliLibrary">
<doc>Open application
 To open app with parameters, refer:
 https://sikulix-2014.readthedocs.io/en/latest/appclass.html#App.App</doc>
<arguments>
<arg>C:\\windows\\system32\\notepad.exe</arg>
</arguments>
<msg timestamp="20190321 14:38:50.997" level="INFO">Params: [C:\windows\system32\notepad.exe]</msg>
<status status="PASS" starttime="20190321 14:38:49.918" endtime="20190321 14:38:50.997"></status>
</kw>
<kw name="Double Click" library="SikuliLibrary">
<doc>Double click</doc>
<arguments>
<arg>notepad_title.png</arg>
</arguments>
<msg timestamp="20190321 14:38:52.077" level="INFO">Params: [notepad_title.png]</msg>
<msg timestamp="20190321 14:38:52.077" level="INFO" html="yes">&lt;img src='sikuli_captured/sikuliximage-1553193531292.png'/&gt;
[log] DOUBLE CLICK on L(243,427)@S(0)[0,0 1920x1080] (555 msec)</msg>
<status status="PASS" starttime="20190321 14:38:50.997" endtime="20190321 14:38:52.077"></status>
</kw>
<status status="PASS" starttime="20190321 14:38:49.917" endtime="20190321 14:38:52.077"></status>
</kw>
<kw name="Input In Notepad">
<arguments>
<arg>${text}</arg>
</arguments>
<kw name="Input Text" library="SikuliLibrary">
<doc>Input text
 Image could be empty</doc>
<arguments>
<arg>notepad_area.png</arg>
<arg>${text}</arg>
</arguments>
<msg timestamp="20190321 14:38:53.232" level="INFO">Params: [notepad_area.png, Hello World]
Input Text:
Hello World</msg>
<msg timestamp="20190321 14:38:53.232" level="INFO" html="yes">&lt;img src='sikuli_captured/sikuliximage-1553193532162.png'/&gt;
[log] CLICK on L(164,117)@S(0)[0,0 1920x1080] (522 msec)
[log]  TYPE "Hello World"</msg>
<status status="PASS" starttime="20190321 14:38:52.078" endtime="20190321 14:38:53.232"></status>
</kw>
<status status="PASS" starttime="20190321 14:38:52.078" endtime="20190321 14:38:53.232"></status>
</kw>
<kw name="Quit Without Save">
<kw name="Click" library="SikuliLibrary">
<doc>Click</doc>
<arguments>
<arg>notepad_close.png</arg>
</arguments>
<msg timestamp="20190321 14:38:54.268" level="INFO">Params: [notepad_close.png]</msg>
<msg timestamp="20190321 14:38:54.268" level="INFO" html="yes">&lt;img src='sikuli_captured/sikuliximage-1553193533504.png'/&gt;
[log] CLICK on L(1895,16)@S(0)[0,0 1920x1080] (532 msec)</msg>
<status status="PASS" starttime="20190321 14:38:53.232" endtime="20190321 14:38:54.268"></status>
</kw>
<kw name="Click" library="SikuliLibrary">
<doc>Click</doc>
<arguments>
<arg>dont_save.png</arg>
</arguments>
<msg timestamp="20190321 14:38:55.691" level="INFO">Params: [dont_save.png]</msg>
<msg timestamp="20190321 14:38:55.691" level="INFO" html="yes">&lt;img src='sikuli_captured/sikuliximage-1553193534887.png'/&gt;
[log] CLICK on L(993,550)@S(0)[0,0 1920x1080] (538 msec)</msg>
<status status="PASS" starttime="20190321 14:38:54.269" endtime="20190321 14:38:55.692"></status>
</kw>
<status status="PASS" starttime="20190321 14:38:53.232" endtime="20190321 14:38:55.692"></status>
</kw>
<status status="PASS" starttime="20190321 14:38:49.916" endtime="20190321 14:38:55.692"></status>
</kw>
<status status="PASS" starttime="20190321 14:38:49.911" endtime="20190321 14:38:55.692" critical="yes"></status>
</test>
<test id="s1-t3" name="Check Inputing">
<kw name="Add Needed Image Path" library="common" type="setup">
<kw name="Add Image Path" library="SikuliLibrary">
<doc>Add image path</doc>
<arguments>
<arg>${CUR_DIR}</arg>
</arguments>
<msg timestamp="20190321 14:38:55.704" level="INFO">Params: [C:\users\XKK\PycharmProjects\sikli\img]</msg>
<status status="PASS" starttime="20190321 14:38:55.700" endtime="20190321 14:38:55.704"></status>
</kw>
<status status="PASS" starttime="20190321 14:38:55.700" endtime="20190321 14:38:55.705"></status>
</kw>
<kw name="Open Notepad and Try to Edit">
<tags>
<tag>Smoke</tag>
</tags>
<arguments>
<arg>Hello Everyone</arg>
</arguments>
<kw name="Open Notepad">
<kw name="Open Application" library="SikuliLibrary">
<doc>Open application
 To open app with parameters, refer:
 https://sikulix-2014.readthedocs.io/en/latest/appclass.html#App.App</doc>
<arguments>
<arg>C:\\windows\\system32\\notepad.exe</arg>
</arguments>
<msg timestamp="20190321 14:38:56.766" level="INFO">Params: [C:\windows\system32\notepad.exe]</msg>
<status status="PASS" starttime="20190321 14:38:55.705" endtime="20190321 14:38:56.766"></status>
</kw>
<kw name="Double Click" library="SikuliLibrary">
<doc>Double click</doc>
<arguments>
<arg>notepad_title.png</arg>
</arguments>
<msg timestamp="20190321 14:38:57.960" level="INFO">Params: [notepad_title.png]</msg>
<msg timestamp="20190321 14:38:57.960" level="INFO" html="yes">&lt;img src='sikuli_captured/sikuliximage-1553193537124.png'/&gt;
[log] DOUBLE CLICK on L(243,427)@S(0)[0,0 1920x1080] (570 msec)</msg>
<status status="PASS" starttime="20190321 14:38:56.766" endtime="20190321 14:38:57.961"></status>
</kw>
<status status="PASS" starttime="20190321 14:38:55.705" endtime="20190321 14:38:57.961"></status>
</kw>
<kw name="Input In Notepad">
<arguments>
<arg>${text}</arg>
</arguments>
<kw name="Input Text" library="SikuliLibrary">
<doc>Input text
 Image could be empty</doc>
<arguments>
<arg>notepad_area.png</arg>
<arg>${text}</arg>
</arguments>
<msg timestamp="20190321 14:38:59.238" level="INFO">Params: [notepad_area.png, Hello Everyone]
Input Text:
Hello Everyone</msg>
<msg timestamp="20190321 14:38:59.238" level="INFO" html="yes">&lt;img src='sikuli_captured/sikuliximage-1553193538028.png'/&gt;
[log] CLICK on L(164,117)@S(0)[0,0 1920x1080] (520 msec)
[log]  TYPE "Hello Everyone"</msg>
<status status="PASS" starttime="20190321 14:38:57.961" endtime="20190321 14:38:59.238"></status>
</kw>
<status status="PASS" starttime="20190321 14:38:57.961" endtime="20190321 14:38:59.239"></status>
</kw>
<kw name="Quit Without Save">
<kw name="Click" library="SikuliLibrary">
<doc>Click</doc>
<arguments>
<arg>notepad_close.png</arg>
</arguments>
<msg timestamp="20190321 14:39:00.204" level="INFO">Params: [notepad_close.png]</msg>
<msg timestamp="20190321 14:39:00.204" level="INFO" html="yes">&lt;img src='sikuli_captured/sikuliximage-1553193539456.png'/&gt;
[log] CLICK on L(1895,16)@S(0)[0,0 1920x1080] (525 msec)</msg>
<status status="PASS" starttime="20190321 14:38:59.239" endtime="20190321 14:39:00.204"></status>
</kw>
<kw name="Click" library="SikuliLibrary">
<doc>Click</doc>
<arguments>
<arg>dont_save.png</arg>
</arguments>
<msg timestamp="20190321 14:39:01.625" level="INFO">Params: [dont_save.png]</msg>
<msg timestamp="20190321 14:39:01.625" level="INFO" html="yes">&lt;img src='sikuli_captured/sikuliximage-1553193540854.png'/&gt;
[log] CLICK on L(993,550)@S(0)[0,0 1920x1080] (536 msec)</msg>
<status status="PASS" starttime="20190321 14:39:00.205" endtime="20190321 14:39:01.625"></status>
</kw>
<status status="PASS" starttime="20190321 14:38:59.239" endtime="20190321 14:39:01.625"></status>
</kw>
<status status="PASS" starttime="20190321 14:38:55.705" endtime="20190321 14:39:01.625"></status>
</kw>
<status status="PASS" starttime="20190321 14:38:55.694" endtime="20190321 14:39:01.626" critical="yes"></status>
</test>
<doc>Sikuli Library Demo</doc>
<status status="PASS" starttime="20190321 14:38:37.459" endtime="20190321 14:39:01.627"></status>
</suite>
<statistics>
<total>
<stat pass="3" fail="0">Critical Tests</stat>
<stat pass="3" fail="0">All Tests</stat>
</total>
<tag>
</tag>
<suite>
<stat pass="3" fail="0" id="s1" name="First">First</stat>
</suite>
</statistics>
<errors>
<msg timestamp="20190321 14:38:49.911" level="WARN">Multiple test cases with name 'Check Inputing' executed in test suite 'First'.</msg>
<msg timestamp="20190321 14:38:55.693" level="WARN">Multiple test cases with name 'Check Inputing' executed in test suite 'First'.</msg>
</errors>
</robot>
